{"contracts/erc20.sol":{"l":{"34":18,"35":18,"36":18,"40":3,"44":1,"46":1,"47":1,"48":1,"50":1,"54":1,"58":3,"59":3,"61":3,"63":3,"64":3,"68":2,"69":1,"71":1,"72":1,"73":1,"75":1},"path":"/Users/jakeshearer/Desktop/HORCHATA/Projects/erc20/contracts/erc20.sol","s":{"1":18,"2":18,"3":18,"4":3,"5":1,"6":1,"7":1,"8":1,"9":1,"10":1,"11":3,"12":3,"13":3,"14":3,"15":3,"16":2,"17":1,"18":1,"19":1,"20":1,"21":1},"b":{"1":[1,0],"2":[3,0],"3":[3,0],"4":[1,1],"5":[1,0]},"f":{"1":18,"2":3,"3":1,"4":1,"5":3,"6":2},"fnMap":{"1":{"name":"constructor","line":33,"loc":{"start":{"line":33,"column":4},"end":{"line":37,"column":4}}},"2":{"name":"balanceOf","line":39,"loc":{"start":{"line":39,"column":4},"end":{"line":41,"column":4}}},"3":{"name":"transfer","line":43,"loc":{"start":{"line":43,"column":4},"end":{"line":51,"column":4}}},"4":{"name":"allowance","line":53,"loc":{"start":{"line":53,"column":4},"end":{"line":55,"column":4}}},"5":{"name":"approve","line":57,"loc":{"start":{"line":57,"column":4},"end":{"line":65,"column":4}}},"6":{"name":"transferFrom","line":67,"loc":{"start":{"line":67,"column":4},"end":{"line":76,"column":4}}}},"statementMap":{"1":{"start":{"line":34,"column":8},"end":{"line":34,"column":28}},"2":{"start":{"line":35,"column":8},"end":{"line":35,"column":27}},"3":{"start":{"line":36,"column":8},"end":{"line":36,"column":38}},"4":{"start":{"line":40,"column":8},"end":{"line":40,"column":35}},"5":{"start":{"line":44,"column":8},"end":{"line":44,"column":46}},"6":{"start":{"line":46,"column":8},"end":{"line":46,"column":29}},"7":{"start":{"line":47,"column":8},"end":{"line":47,"column":37}},"8":{"start":{"line":48,"column":8},"end":{"line":48,"column":45}},"9":{"start":{"line":50,"column":8},"end":{"line":50,"column":19}},"10":{"start":{"line":54,"column":8},"end":{"line":54,"column":43}},"11":{"start":{"line":58,"column":8},"end":{"line":58,"column":46}},"12":{"start":{"line":59,"column":8},"end":{"line":59,"column":26}},"13":{"start":{"line":61,"column":8},"end":{"line":61,"column":44}},"14":{"start":{"line":63,"column":8},"end":{"line":63,"column":50}},"15":{"start":{"line":64,"column":8},"end":{"line":64,"column":19}},"16":{"start":{"line":68,"column":8},"end":{"line":68,"column":43}},"17":{"start":{"line":69,"column":8},"end":{"line":69,"column":40}},"18":{"start":{"line":71,"column":8},"end":{"line":71,"column":31}},"19":{"start":{"line":72,"column":8},"end":{"line":72,"column":29}},"20":{"start":{"line":73,"column":8},"end":{"line":73,"column":34}},"21":{"start":{"line":75,"column":8},"end":{"line":75,"column":19}}},"branchMap":{"1":{"line":44,"type":"if","locations":[{"start":{"line":44,"column":8},"end":{"line":44,"column":8}},{"start":{"line":44,"column":8},"end":{"line":44,"column":8}}]},"2":{"line":58,"type":"if","locations":[{"start":{"line":58,"column":8},"end":{"line":58,"column":8}},{"start":{"line":58,"column":8},"end":{"line":58,"column":8}}]},"3":{"line":59,"type":"if","locations":[{"start":{"line":59,"column":8},"end":{"line":59,"column":8}},{"start":{"line":59,"column":8},"end":{"line":59,"column":8}}]},"4":{"line":68,"type":"if","locations":[{"start":{"line":68,"column":8},"end":{"line":68,"column":8}},{"start":{"line":68,"column":8},"end":{"line":68,"column":8}}]},"5":{"line":69,"type":"if","locations":[{"start":{"line":69,"column":8},"end":{"line":69,"column":8}},{"start":{"line":69,"column":8},"end":{"line":69,"column":8}}]}}}}