{
"contracts/erc20.sol":{"l":{"34":12,"35":12,"36":12,"40":1,"44":0,"46":0,"47":0,"48":0,"50":0,"54":1,"58":2,"59":2,"61":2,"63":2,"64":2,"68":1,"69":0,"71":0,"72":0,"73":0,"75":0},"path":"/Users/jakeshearer/Desktop/HORCHATA/Projects/erc20/contracts/erc20.sol","s":{"1":12,"2":12,"3":12,"4":1,"5":0,"6":0,"7":0,"8":0,"9":0,"10":1,"11":2,"12":2,"13":2,"14":2,"15":2,"16":1,"17":0,"18":0,"19":0,"20":0,"21":0},"b":{"1":[0,0],"2":[2,0],"3":[2,0],"4":[0,1],"5":[0,0]},"f":{"1":12,"2":1,"3":0,"4":1,"5":2,"6":1},"fnMap":{"1":{"name":"constructor","line":33,"loc":{"start":{"line":33,"column":4},"end":{"line":37,"column":4}}},"2":{"name":"balanceOf","line":39,"loc":{"start":{"line":39,"column":4},"end":{"line":41,"column":4}}},"3":{"name":"transfer","line":43,"loc":{"start":{"line":43,"column":4},"end":{"line":51,"column":4}}},"4":{"name":"allowance","line":53,"loc":{"start":{"line":53,"column":4},"end":{"line":55,"column":4}}},"5":{"name":"approve","line":57,"loc":{"start":{"line":57,"column":4},"end":{"line":65,"column":4}}},"6":{"name":"transferFrom","line":67,"loc":{"start":{"line":67,"column":4},"end":{"line":76,"column":4}}}},"statementMap":{"1":{"start":{"line":34,"column":8},"end":{"line":34,"column":28}},"2":{"start":{"line":35,"column":8},"end":{"line":35,"column":27}},"3":{"start":{"line":36,"column":8},"end":{"line":36,"column":38}},"4":{"start":{"line":40,"column":8},"end":{"line":40,"column":35}},"5":{"start":{"line":44,"column":8},"end":{"line":44,"column":46}},"6":{"start":{"line":46,"column":8},"end":{"line":46,"column":29}},"7":{"start":{"line":47,"column":8},"end":{"line":47,"column":37}},"8":{"start":{"line":48,"column":8},"end":{"line":48,"column":45}},"9":{"start":{"line":50,"column":8},"end":{"line":50,"column":19}},"10":{"start":{"line":54,"column":8},"end":{"line":54,"column":43}},"11":{"start":{"line":58,"column":8},"end":{"line":58,"column":46}},"12":{"start":{"line":59,"column":8},"end":{"line":59,"column":26}},"13":{"start":{"line":61,"column":8},"end":{"line":61,"column":44}},"14":{"start":{"line":63,"column":8},"end":{"line":63,"column":50}},"15":{"start":{"line":64,"column":8},"end":{"line":64,"column":19}},"16":{"start":{"line":68,"column":8},"end":{"line":68,"column":43}},"17":{"start":{"line":69,"column":8},"end":{"line":69,"column":40}},"18":{"start":{"line":71,"column":8},"end":{"line":71,"column":31}},"19":{"start":{"line":72,"column":8},"end":{"line":72,"column":29}},"20":{"start":{"line":73,"column":8},"end":{"line":73,"column":34}},"21":{"start":{"line":75,"column":8},"end":{"line":75,"column":19}}},"branchMap":{"1":{"line":44,"type":"if","locations":[{"start":{"line":44,"column":8},"end":{"line":44,"column":8}},{"start":{"line":44,"column":8},"end":{"line":44,"column":8}}]},"2":{"line":58,"type":"if","locations":[{"start":{"line":58,"column":8},"end":{"line":58,"column":8}},{"start":{"line":58,"column":8},"end":{"line":58,"column":8}}]},"3":{"line":59,"type":"if","locations":[{"start":{"line":59,"column":8},"end":{"line":59,"column":8}},{"start":{"line":59,"column":8},"end":{"line":59,"column":8}}]},"4":{"line":68,"type":"if","locations":[{"start":{"line":68,"column":8},"end":{"line":68,"column":8}},{"start":{"line":68,"column":8},"end":{"line":68,"column":8}}]},"5":{"line":69,"type":"if","locations":[{"start":{"line":69,"column":8},"end":{"line":69,"column":8}},{"start":{"line":69,"column":8},"end":{"line":69,"column":8}}]}}}}
