TN:
SF:/Users/jakeshearer/Desktop/HORCHATA/Projects/erc20/contracts/erc20.sol
FN:33,constructor
FN:39,balanceOf
FN:43,transfer
FN:53,allowance
FN:57,approve
FN:67,transferFrom
FNF:6
FNH:6
FNDA:18,constructor
FNDA:3,balanceOf
FNDA:1,transfer
FNDA:1,allowance
FNDA:3,approve
FNDA:2,transferFrom
DA:34,18
DA:35,18
DA:36,18
DA:40,3
DA:44,1
DA:46,1
DA:47,1
DA:48,1
DA:50,1
DA:54,1
DA:58,3
DA:59,3
DA:61,3
DA:63,3
DA:64,3
DA:68,2
DA:69,1
DA:71,1
DA:72,1
DA:73,1
DA:75,1
LF:21
LH:21
BRDA:44,1,0,1
BRDA:44,1,1,0
BRDA:58,2,0,3
BRDA:58,2,1,0
BRDA:59,3,0,3
BRDA:59,3,1,0
BRDA:68,4,0,1
BRDA:68,4,1,1
BRDA:69,5,0,1
BRDA:69,5,1,0
BRF:10
BRH:6
end_of_record
