TN:
SF:/Users/jakeshearer/Desktop/HORCHATA/Projects/erc20/contracts/erc20.sol
FN:33,constructor
FN:39,balanceOf
FN:43,transfer
FN:53,allowance
FN:57,approve
FN:67,transferFrom
FNF:6
FNH:5
FNDA:12,constructor
FNDA:1,balanceOf
FNDA:0,transfer
FNDA:1,allowance
FNDA:2,approve
FNDA:1,transferFrom
DA:34,12
DA:35,12
DA:36,12
DA:40,1
DA:44,0
DA:46,0
DA:47,0
DA:48,0
DA:50,0
DA:54,1
DA:58,2
DA:59,2
DA:61,2
DA:63,2
DA:64,2
DA:68,1
DA:69,0
DA:71,0
DA:72,0
DA:73,0
DA:75,0
LF:21
LH:11
BRDA:44,1,0,0
BRDA:44,1,1,0
BRDA:58,2,0,2
BRDA:58,2,1,0
BRDA:59,3,0,2
BRDA:59,3,1,0
BRDA:68,4,0,0
BRDA:68,4,1,1
BRDA:69,5,0,0
BRDA:69,5,1,0
BRF:10
BRH:3
end_of_record
